<?xml version="1.0" encoding="UTF-8"?>
<!-- Generated by org.testng.reporters.JUnitReportReporter -->
<testsuite hostname="VikeshPoojary" failures="0" tests="1" name="com.katalon.automation.scripts.LoginKatalonTest" time="9.064" errors="0" timestamp="2024-11-11T18:51:27 IST" skipped="0">
  <testcase classname="com.katalon.automation.scripts.LoginKatalonTest" name="testMethod" time="9.064"/>
</testsuite> <!-- com.katalon.automation.scripts.LoginKatalonTest -->
